
> hotel-common@1.0.0 start:integration:dev
> npm run build && node --env-file=.env dist/server/integration-server.js


> hotel-common@1.0.0 build
> tsc

src/database/prisma-adapter.ts(244,24): error TS2551: Property 'reservation' does not exist on type 'PrismaClient<PrismaClientOptions, never, DefaultArgs>'. Did you mean 'reservations'?
src/database/prisma-adapter.ts(251,24): error TS2551: Property 'checkinSession' does not exist on type 'PrismaClient<PrismaClientOptions, never, DefaultArgs>'. Did you mean 'checkin_sessions'?
src/database/prisma-adapter.ts(258,24): error TS2551: Property 'sessionBilling' does not exist on type 'PrismaClient<PrismaClientOptions, never, DefaultArgs>'. Did you mean 'session_billings'?
src/database/unified-client-simple.ts(21,5): error TS2739: Type 'PrismaClient<PrismaClientOptions, never, DefaultArgs>' is missing the following properties from type 'PrismaClient<PrismaClientOptions, never, DefaultArgs>': reservation, checkinSession, sessionBilling
src/database/unified-client.ts(24,5): error TS2739: Type 'PrismaClient<PrismaClientOptions, never, DefaultArgs>' is missing the following properties from type 'PrismaClient<PrismaClientOptions, never, DefaultArgs>': reservation, checkinSession, sessionBilling
src/integrations/app-launcher/api-endpoints.ts(29,51): error TS2345: Argument of type 'import("/Users/kaneko/hotel-common/src/generated/prisma/index").PrismaClient<import("/Users/kaneko/hotel-common/src/generated/prisma/index").Prisma.PrismaClientOptions, never, import("/Users/kaneko/hotel-common/src/generated/prisma/runtime/library").DefaultArgs>' is not assignable to parameter of type 'import("/Users/kaneko/hotel-common/node_modules/.prisma/client/index").PrismaClient<import("/Users/kaneko/hotel-common/node_modules/.prisma/client/index").Prisma.PrismaClientOptions, never, import("/Users/kaneko/hotel-common/node_modules/@prisma/client/runtime/library").DefaultArgs>'.
  Type 'PrismaClient<PrismaClientOptions, never, DefaultArgs>' is missing the following properties from type 'PrismaClient<PrismaClientOptions, never, DefaultArgs>': reservation, checkinSession, sessionBilling
src/routes/session-billing.routes.ts(171,54): error TS7006: Parameter 'total' implicitly has an 'any' type.
src/routes/session-billing.routes.ts(171,61): error TS7006: Parameter 'order' implicitly has an 'any' type.
src/routes/session-billing.routes.ts(231,44): error TS7006: Parameter 'billing' implicitly has an 'any' type.
src/routes/systems/common/front-desk-accounting.routes.ts(218,47): error TS2339: Property 'paymentReference' does not exist on type '{ tenantId: string; isDeleted: boolean; status: string; id: string; createdAt: Date; metadata: JsonValue; updatedAt: Date; createdBy: string | null; deletedAt: Date | null; ... 6 more ...; processedAt: Date | null; }'.
src/routes/systems/common/front-desk-accounting.routes.ts(226,40): error TS2339: Property 'paymentReference' does not exist on type '{ tenantId: string; isDeleted: boolean; status: string; id: string; createdAt: Date; metadata: JsonValue; updatedAt: Date; createdBy: string | null; deletedAt: Date | null; ... 6 more ...; processedAt: Date | null; }'.
src/routes/systems/saas/orders.routes.ts(61,11): error TS2353: Object literal may only specify known properties, and 'session' does not exist in type 'OrderInclude<DefaultArgs>'.
src/routes/systems/saas/orders.routes.ts(85,20): error TS2339: Property 'OrderItem' does not exist on type '{ tenantId: string; isDeleted: boolean; status: string; id: number; uuid: string | null; items: JsonValue; createdAt: Date; total: number; updatedAt: Date; roomId: string; sessionId: string | null; placeId: number | null; paidAt: Date | null; deletedAt: Date | null; }'.
src/routes/systems/saas/orders.routes.ts(86,22): error TS2551: Property 'session' does not exist on type '{ tenantId: string; isDeleted: boolean; status: string; id: number; uuid: string | null; items: JsonValue; createdAt: Date; total: number; updatedAt: Date; roomId: string; sessionId: string | null; placeId: number | null; paidAt: Date | null; deletedAt: Date | null; }'. Did you mean 'sessionId'?
src/routes/systems/saas/orders.routes.ts(87,19): error TS2551: Property 'session' does not exist on type '{ tenantId: string; isDeleted: boolean; status: string; id: number; uuid: string | null; items: JsonValue; createdAt: Date; total: number; updatedAt: Date; roomId: string; sessionId: string | null; placeId: number | null; paidAt: Date | null; deletedAt: Date | null; }'. Did you mean 'sessionId'?
src/routes/systems/saas/orders.routes.ts(88,30): error TS2551: Property 'session' does not exist on type '{ tenantId: string; isDeleted: boolean; status: string; id: number; uuid: string | null; items: JsonValue; createdAt: Date; total: number; updatedAt: Date; roomId: string; sessionId: string | null; placeId: number | null; paidAt: Date | null; deletedAt: Date | null; }'. Did you mean 'sessionId'?
src/routes/systems/saas/orders.routes.ts(89,27): error TS2551: Property 'session' does not exist on type '{ tenantId: string; isDeleted: boolean; status: string; id: number; uuid: string | null; items: JsonValue; createdAt: Date; total: number; updatedAt: Date; roomId: string; sessionId: string | null; placeId: number | null; paidAt: Date | null; deletedAt: Date | null; }'. Did you mean 'sessionId'?
src/routes/systems/saas/orders.routes.ts(89,93): error TS2551: Property 'session' does not exist on type '{ tenantId: string; isDeleted: boolean; status: string; id: number; uuid: string | null; items: JsonValue; createdAt: Date; total: number; updatedAt: Date; roomId: string; sessionId: string | null; placeId: number | null; paidAt: Date | null; deletedAt: Date | null; }'. Did you mean 'sessionId'?
src/routes/systems/saas/orders.routes.ts(90,23): error TS2551: Property 'session' does not exist on type '{ tenantId: string; isDeleted: boolean; status: string; id: number; uuid: string | null; items: JsonValue; createdAt: Date; total: number; updatedAt: Date; roomId: string; sessionId: string | null; placeId: number | null; paidAt: Date | null; deletedAt: Date | null; }'. Did you mean 'sessionId'?
src/server/integration-server.ts(66,5): error TS2739: Type 'PrismaClient<PrismaClientOptions, never, DefaultArgs>' is missing the following properties from type 'PrismaClient<PrismaClientOptions, never, DefaultArgs>': reservation, checkinSession, sessionBilling
