{"timestamp":"2025-10-24T06:37:06.410Z","eventType":"PROCESS_STATUS","pid":32028,"data":{"pid":32028,"uptime":85086.243758583,"memory":{"rss":19025920,"heapTotal":55283712,"heapUsed":53536296,"external":7696419,"arrayBuffers":4664415},"cpuUsage":{"user":3216214,"system":578712},"timestamp":"2025-10-24T06:37:06.409Z"}}
{"timestamp":"2025-10-24T06:39:43.530Z","eventType":"PROCESS_STATUS","pid":26996,"data":{"pid":26996,"uptime":85878.627952208,"memory":{"rss":25116672,"heapTotal":65486848,"heapUsed":59078840,"external":7743580,"arrayBuffers":4697198},"cpuUsage":{"user":4527989,"system":861457},"timestamp":"2025-10-24T06:39:43.529Z"}}
{"timestamp":"2025-10-24T06:42:06.414Z","eventType":"PROCESS_STATUS","pid":32028,"data":{"pid":32028,"uptime":85386.244687041,"memory":{"rss":20172800,"heapTotal":55283712,"heapUsed":53547424,"external":7696419,"arrayBuffers":4664415},"cpuUsage":{"user":3218344,"system":580272},"timestamp":"2025-10-24T06:42:06.412Z"}}
{"timestamp":"2025-10-24T06:44:43.531Z","eventType":"PROCESS_STATUS","pid":26996,"data":{"pid":26996,"uptime":86178.627797083,"memory":{"rss":25899008,"heapTotal":65486848,"heapUsed":59093504,"external":7743580,"arrayBuffers":4697198},"cpuUsage":{"user":4531639,"system":864677},"timestamp":"2025-10-24T06:44:43.531Z"}}
{"timestamp":"2025-10-24T06:47:06.417Z","eventType":"PROCESS_STATUS","pid":32028,"data":{"pid":32028,"uptime":85686.245343124,"memory":{"rss":18817024,"heapTotal":55283712,"heapUsed":53559528,"external":7696419,"arrayBuffers":4664415},"cpuUsage":{"user":3221812,"system":582871},"timestamp":"2025-10-24T06:47:06.415Z"}}
{"timestamp":"2025-10-24T06:49:43.536Z","eventType":"PROCESS_STATUS","pid":26996,"data":{"pid":26996,"uptime":86478.628753416,"memory":{"rss":23072768,"heapTotal":65486848,"heapUsed":59108168,"external":7743580,"arrayBuffers":4697198},"cpuUsage":{"user":4534514,"system":866587},"timestamp":"2025-10-24T06:49:43.534Z"}}
{"timestamp":"2025-10-24T06:52:06.422Z","eventType":"PROCESS_STATUS","pid":32028,"data":{"pid":32028,"uptime":85986.247222874,"memory":{"rss":18006016,"heapTotal":55283712,"heapUsed":53571632,"external":7696419,"arrayBuffers":4664415},"cpuUsage":{"user":3224101,"system":589139},"timestamp":"2025-10-24T06:52:06.420Z"}}
{"timestamp":"2025-10-24T06:54:43.538Z","eventType":"PROCESS_STATUS","pid":26996,"data":{"pid":26996,"uptime":86778.629430958,"memory":{"rss":24588288,"heapTotal":65486848,"heapUsed":59122832,"external":7743580,"arrayBuffers":4697198},"cpuUsage":{"user":4538095,"system":870314},"timestamp":"2025-10-24T06:54:43.537Z"}}
{"timestamp":"2025-10-24T06:57:06.422Z","eventType":"PROCESS_STATUS","pid":32028,"data":{"pid":32028,"uptime":86286.248148624,"memory":{"rss":21594112,"heapTotal":55283712,"heapUsed":52592488,"external":7696419,"arrayBuffers":4664415},"cpuUsage":{"user":3227510,"system":596506},"timestamp":"2025-10-24T06:57:06.422Z"}}
{"timestamp":"2025-10-24T06:59:43.543Z","eventType":"PROCESS_STATUS","pid":26996,"data":{"pid":26996,"uptime":87078.631113208,"memory":{"rss":23461888,"heapTotal":65486848,"heapUsed":59137496,"external":7743580,"arrayBuffers":4697198},"cpuUsage":{"user":4541315,"system":872399},"timestamp":"2025-10-24T06:59:43.541Z"}}
{"timestamp":"2025-10-24T07:02:06.427Z","eventType":"PROCESS_STATUS","pid":32028,"data":{"pid":32028,"uptime":86586.249819708,"memory":{"rss":21647360,"heapTotal":55283712,"heapUsed":52604592,"external":7696419,"arrayBuffers":4664415},"cpuUsage":{"user":3228923,"system":597076},"timestamp":"2025-10-24T07:02:06.426Z"}}
{"timestamp":"2025-10-24T07:04:43.544Z","eventType":"PROCESS_STATUS","pid":26996,"data":{"pid":26996,"uptime":87378.630919583,"memory":{"rss":25624576,"heapTotal":65486848,"heapUsed":59152160,"external":7743580,"arrayBuffers":4697198},"cpuUsage":{"user":4545820,"system":877403},"timestamp":"2025-10-24T07:04:43.543Z"}}
{"timestamp":"2025-10-24T07:06:15.445Z","eventType":"HTTP_ERROR","pid":26996,"data":{"method":"GET","path":"/staff","statusCode":401,"duration":1,"userAgent":"node","ip":"::1","timestamp":"2025-10-24T07:06:15.445Z"}}
{"timestamp":"2025-10-24T07:07:06.429Z","eventType":"PROCESS_STATUS","pid":32028,"data":{"pid":32028,"uptime":86886.250333541,"memory":{"rss":20819968,"heapTotal":55283712,"heapUsed":52616696,"external":7696419,"arrayBuffers":4664415},"cpuUsage":{"user":3232725,"system":600343},"timestamp":"2025-10-24T07:07:06.429Z"}}
{"timestamp":"2025-10-24T07:09:37.657Z","eventType":"HTTP_ERROR","pid":26996,"data":{"method":"GET","path":"/staff","statusCode":401,"duration":1,"userAgent":"node","ip":"::1","timestamp":"2025-10-24T07:09:37.657Z"}}
{"timestamp":"2025-10-24T07:09:38.354Z","eventType":"HTTP_ERROR","pid":26996,"data":{"method":"GET","path":"/staff","statusCode":401,"duration":2,"userAgent":"node","ip":"::1","timestamp":"2025-10-24T07:09:38.353Z"}}
{"timestamp":"2025-10-24T07:09:38.786Z","eventType":"HTTP_ERROR","pid":26996,"data":{"method":"GET","path":"/staff","statusCode":401,"duration":1,"userAgent":"node","ip":"::1","timestamp":"2025-10-24T07:09:38.786Z"}}
{"timestamp":"2025-10-24T07:09:38.937Z","eventType":"HTTP_ERROR","pid":26996,"data":{"method":"GET","path":"/staff","statusCode":401,"duration":1,"userAgent":"node","ip":"::1","timestamp":"2025-10-24T07:09:38.937Z"}}
{"timestamp":"2025-10-24T07:09:39.107Z","eventType":"HTTP_ERROR","pid":26996,"data":{"method":"GET","path":"/staff","statusCode":401,"duration":0,"userAgent":"node","ip":"::1","timestamp":"2025-10-24T07:09:39.106Z"}}
{"timestamp":"2025-10-24T07:09:43.546Z","eventType":"PROCESS_STATUS","pid":26996,"data":{"pid":26996,"uptime":87678.631517208,"memory":{"rss":30724096,"heapTotal":65486848,"heapUsed":59302568,"external":7742680,"arrayBuffers":4697198},"cpuUsage":{"user":4584296,"system":902308},"timestamp":"2025-10-24T07:09:43.546Z"}}
{"timestamp":"2025-10-24T07:12:06.434Z","eventType":"PROCESS_STATUS","pid":32028,"data":{"pid":32028,"uptime":87186.251760624,"memory":{"rss":18014208,"heapTotal":55283712,"heapUsed":52628800,"external":7696419,"arrayBuffers":4664415},"cpuUsage":{"user":3234546,"system":602611},"timestamp":"2025-10-24T07:12:06.433Z"}}
{"timestamp":"2025-10-24T07:14:43.550Z","eventType":"PROCESS_STATUS","pid":26996,"data":{"pid":26996,"uptime":87978.632709208,"memory":{"rss":30015488,"heapTotal":65486848,"heapUsed":59317128,"external":7742680,"arrayBuffers":4697198},"cpuUsage":{"user":4587143,"system":903787},"timestamp":"2025-10-24T07:14:43.549Z"}}
{"timestamp":"2025-10-24T07:17:06.436Z","eventType":"PROCESS_STATUS","pid":32028,"data":{"pid":32028,"uptime":87486.252188458,"memory":{"rss":21688320,"heapTotal":55283712,"heapUsed":52641104,"external":7696419,"arrayBuffers":4664415},"cpuUsage":{"user":3236834,"system":605142},"timestamp":"2025-10-24T07:17:06.435Z"}}
{"timestamp":"2025-10-24T07:19:43.553Z","eventType":"PROCESS_STATUS","pid":26996,"data":{"pid":26996,"uptime":88278.633670874,"memory":{"rss":30052352,"heapTotal":65486848,"heapUsed":59331632,"external":7742680,"arrayBuffers":4697198},"cpuUsage":{"user":4590268,"system":905154},"timestamp":"2025-10-24T07:19:43.553Z"}}
{"timestamp":"2025-10-24T07:22:06.440Z","eventType":"PROCESS_STATUS","pid":32028,"data":{"pid":32028,"uptime":87786.253894208,"memory":{"rss":22138880,"heapTotal":55283712,"heapUsed":52653208,"external":7696419,"arrayBuffers":4664415},"cpuUsage":{"user":3238404,"system":606239},"timestamp":"2025-10-24T07:22:06.439Z"}}
{"timestamp":"2025-10-24T07:24:43.556Z","eventType":"PROCESS_STATUS","pid":26996,"data":{"pid":26996,"uptime":88578.634966249,"memory":{"rss":26951680,"heapTotal":65486848,"heapUsed":59346136,"external":7742680,"arrayBuffers":4697198},"cpuUsage":{"user":4593151,"system":906008},"timestamp":"2025-10-24T07:24:43.556Z"}}
{"timestamp":"2025-10-24T07:27:06.404Z","eventType":"PROCESS_STATUS","pid":32028,"data":{"pid":32028,"uptime":88086.255003208,"memory":{"rss":22142976,"heapTotal":55283712,"heapUsed":52665312,"external":7696419,"arrayBuffers":4664415},"cpuUsage":{"user":3240267,"system":607376},"timestamp":"2025-10-24T07:27:06.404Z"}}
{"timestamp":"2025-10-24T07:29:43.519Z","eventType":"PROCESS_STATUS","pid":26996,"data":{"pid":26996,"uptime":88878.635922499,"memory":{"rss":27140096,"heapTotal":65486848,"heapUsed":59360640,"external":7742680,"arrayBuffers":4697198},"cpuUsage":{"user":4596104,"system":907823},"timestamp":"2025-10-24T07:29:43.519Z"}}
{"timestamp":"2025-10-24T07:32:06.405Z","eventType":"PROCESS_STATUS","pid":32028,"data":{"pid":32028,"uptime":88386.256541874,"memory":{"rss":20570112,"heapTotal":55283712,"heapUsed":52677416,"external":7696419,"arrayBuffers":4664415},"cpuUsage":{"user":3241651,"system":607968},"timestamp":"2025-10-24T07:32:06.404Z"}}
{"timestamp":"2025-10-24T07:34:43.521Z","eventType":"PROCESS_STATUS","pid":26996,"data":{"pid":26996,"uptime":89178.637180624,"memory":{"rss":28315648,"heapTotal":65486848,"heapUsed":59375144,"external":7742680,"arrayBuffers":4697198},"cpuUsage":{"user":4600247,"system":909501},"timestamp":"2025-10-24T07:34:43.519Z"}}
{"timestamp":"2025-10-24T07:37:06.405Z","eventType":"PROCESS_STATUS","pid":32028,"data":{"pid":32028,"uptime":88686.257776749,"memory":{"rss":21471232,"heapTotal":55283712,"heapUsed":52689520,"external":7696419,"arrayBuffers":4664415},"cpuUsage":{"user":3244364,"system":609484},"timestamp":"2025-10-24T07:37:06.405Z"}}
{"timestamp":"2025-10-24T07:39:43.519Z","eventType":"PROCESS_STATUS","pid":26996,"data":{"pid":26996,"uptime":89478.637494041,"memory":{"rss":28340224,"heapTotal":65486848,"heapUsed":59389648,"external":7742680,"arrayBuffers":4697198},"cpuUsage":{"user":4604044,"system":911650},"timestamp":"2025-10-24T07:39:43.519Z"}}
{"timestamp":"2025-10-24T07:40:21.989Z","eventType":"HTTP_ERROR","pid":26996,"data":{"method":"GET","path":"/api/v1/admin/summary","statusCode":403,"duration":11,"userAgent":"node","ip":"::1","timestamp":"2025-10-24T07:40:21.989Z"}}
{"timestamp":"2025-10-24T07:40:22.023Z","eventType":"HTTP_ERROR","pid":26996,"data":{"method":"GET","path":"/api/v1/admin/orders","statusCode":403,"duration":19,"userAgent":"node","ip":"::1","timestamp":"2025-10-24T07:40:22.023Z"}}
{"timestamp":"2025-10-24T07:40:22.049Z","eventType":"HTTP_ERROR","pid":26996,"data":{"method":"GET","path":"/api/v1/admin/orders/monthly-count","statusCode":403,"duration":43,"userAgent":"node","ip":"::1","timestamp":"2025-10-24T07:40:22.049Z"}}
{"timestamp":"2025-10-24T07:40:22.560Z","eventType":"HTTP_ERROR","pid":26996,"data":{"method":"POST","path":"/","statusCode":400,"duration":2,"userAgent":"node","ip":"::1","timestamp":"2025-10-24T07:40:22.560Z"}}
{"timestamp":"2025-10-24T07:40:29.003Z","eventType":"HTTP_ERROR","pid":26996,"data":{"method":"GET","path":"/api/v1/admin/summary","statusCode":403,"duration":3,"userAgent":"node","ip":"::1","timestamp":"2025-10-24T07:40:29.003Z"}}
{"timestamp":"2025-10-24T07:40:29.015Z","eventType":"HTTP_ERROR","pid":26996,"data":{"method":"GET","path":"/api/v1/admin/orders","statusCode":403,"duration":4,"userAgent":"node","ip":"::1","timestamp":"2025-10-24T07:40:29.015Z"}}
{"timestamp":"2025-10-24T07:40:29.019Z","eventType":"HTTP_ERROR","pid":26996,"data":{"method":"GET","path":"/api/v1/admin/orders/monthly-count","statusCode":403,"duration":3,"userAgent":"node","ip":"::1","timestamp":"2025-10-24T07:40:29.019Z"}}
{"timestamp":"2025-10-24T07:42:06.407Z","eventType":"PROCESS_STATUS","pid":32028,"data":{"pid":32028,"uptime":88986.259275583,"memory":{"rss":18989056,"heapTotal":55283712,"heapUsed":52701624,"external":7696419,"arrayBuffers":4664415},"cpuUsage":{"user":3246319,"system":611217},"timestamp":"2025-10-24T07:42:06.406Z"}}
{"timestamp":"2025-10-24T07:44:43.521Z","eventType":"PROCESS_STATUS","pid":26996,"data":{"pid":26996,"uptime":89778.639259458,"memory":{"rss":52752384,"heapTotal":65748992,"heapUsed":59938256,"external":7775927,"arrayBuffers":4705397},"cpuUsage":{"user":4822127,"system":967549},"timestamp":"2025-10-24T07:44:43.520Z"}}
{"timestamp":"2025-10-24T07:47:06.407Z","eventType":"PROCESS_STATUS","pid":32028,"data":{"pid":32028,"uptime":89286.260675333,"memory":{"rss":20946944,"heapTotal":55283712,"heapUsed":52713728,"external":7696419,"arrayBuffers":4664415},"cpuUsage":{"user":3249614,"system":613970},"timestamp":"2025-10-24T07:47:06.407Z"}}
{"timestamp":"2025-10-24T07:49:43.520Z","eventType":"PROCESS_STATUS","pid":26996,"data":{"pid":26996,"uptime":90078.639553999,"memory":{"rss":55095296,"heapTotal":65748992,"heapUsed":60640152,"external":7772669,"arrayBuffers":4730247},"cpuUsage":{"user":4922757,"system":989062},"timestamp":"2025-10-24T07:49:43.520Z"}}
{"timestamp":"2025-10-24T07:52:06.409Z","eventType":"PROCESS_STATUS","pid":32028,"data":{"pid":32028,"uptime":89586.262177916,"memory":{"rss":20869120,"heapTotal":55283712,"heapUsed":52725832,"external":7696419,"arrayBuffers":4664415},"cpuUsage":{"user":3251135,"system":615151},"timestamp":"2025-10-24T07:52:06.407Z"}}
{"timestamp":"2025-10-24T07:54:43.521Z","eventType":"PROCESS_STATUS","pid":26996,"data":{"pid":26996,"uptime":90378.641290083,"memory":{"rss":48549888,"heapTotal":65748992,"heapUsed":60654656,"external":7772669,"arrayBuffers":4730247},"cpuUsage":{"user":4925648,"system":990744},"timestamp":"2025-10-24T07:54:43.521Z"}}
{"timestamp":"2025-10-24T07:57:06.408Z","eventType":"PROCESS_STATUS","pid":32028,"data":{"pid":32028,"uptime":89886.263155999,"memory":{"rss":21098496,"heapTotal":55283712,"heapUsed":52737936,"external":7696419,"arrayBuffers":4664415},"cpuUsage":{"user":3253428,"system":617229},"timestamp":"2025-10-24T07:57:06.408Z"}}
{"timestamp":"2025-10-24T07:59:43.523Z","eventType":"PROCESS_STATUS","pid":26996,"data":{"pid":26996,"uptime":90678.643118874,"memory":{"rss":48324608,"heapTotal":65748992,"heapUsed":60669288,"external":7772669,"arrayBuffers":4730247},"cpuUsage":{"user":4932785,"system":993529},"timestamp":"2025-10-24T07:59:43.522Z"}}
{"timestamp":"2025-10-24T08:02:06.408Z","eventType":"PROCESS_STATUS","pid":32028,"data":{"pid":32028,"uptime":90186.264170083,"memory":{"rss":20905984,"heapTotal":55283712,"heapUsed":52750040,"external":7696419,"arrayBuffers":4664415},"cpuUsage":{"user":3255312,"system":618239},"timestamp":"2025-10-24T08:02:06.408Z"}}
{"timestamp":"2025-10-24T08:04:43.522Z","eventType":"PROCESS_STATUS","pid":26996,"data":{"pid":26996,"uptime":90978.644067291,"memory":{"rss":29544448,"heapTotal":65748992,"heapUsed":60683640,"external":7772669,"arrayBuffers":4730247},"cpuUsage":{"user":4936622,"system":995843},"timestamp":"2025-10-24T08:04:43.522Z"}}
{"timestamp":"2025-10-24T08:05:19.584Z","eventType":"SIGNAL_RECEIVED","pid":26996,"data":{"signal":"SIGTERM","pid":26996,"timestamp":"2025-10-24T08:05:19.584Z","memory":{"rss":30838784,"heapTotal":65748992,"heapUsed":60693152,"external":7772669,"arrayBuffers":4730247},"uptime":91014.706091874}}
{"timestamp":"2025-10-24T08:05:19.584Z","eventType":"SIGNAL_RECEIVED","pid":32028,"data":{"signal":"SIGTERM","pid":32028,"timestamp":"2025-10-24T08:05:19.584Z","memory":{"rss":21733376,"heapTotal":55283712,"heapUsed":52762128,"external":7696419,"arrayBuffers":4664415},"uptime":90379.440877458}}
{"timestamp":"2025-10-24T08:05:40.077Z","eventType":"HTTP_ERROR","pid":26996,"data":{"method":"GET","path":"/api/v1/logs/operations","statusCode":401,"duration":1,"userAgent":"curl/8.7.1","ip":"::1","timestamp":"2025-10-24T08:05:40.077Z"}}
{"timestamp":"2025-10-24T08:05:43.946Z","eventType":"HTTP_ERROR","pid":26996,"data":{"method":"GET","path":"/api/v1/logs/operations","statusCode":401,"duration":1,"userAgent":"curl/8.7.1","ip":"::1","timestamp":"2025-10-24T08:05:43.946Z"}}
{"timestamp":"2025-10-24T08:05:45.969Z","eventType":"HTTP_ERROR","pid":26996,"data":{"method":"GET","path":"/","statusCode":404,"duration":7,"userAgent":"curl/8.7.1","ip":"::1","timestamp":"2025-10-24T08:05:45.969Z"}}
{"timestamp":"2025-10-24T08:06:16.368Z","eventType":"HTTP_ERROR","pid":26996,"data":{"method":"GET","path":"/api/v1/logs/operations","statusCode":401,"duration":0,"userAgent":"curl/8.7.1","ip":"::1","timestamp":"2025-10-24T08:06:16.368Z"}}
{"timestamp":"2025-10-24T08:06:35.947Z","eventType":"SIGNAL_RECEIVED","pid":32028,"data":{"signal":"SIGTERM","pid":32028,"timestamp":"2025-10-24T08:06:35.947Z","memory":{"rss":23040000,"heapTotal":55283712,"heapUsed":52779384,"external":7696419,"arrayBuffers":4664415},"uptime":90455.804161416}}
{"timestamp":"2025-10-24T08:06:35.947Z","eventType":"SIGNAL_RECEIVED","pid":26996,"data":{"signal":"SIGTERM","pid":26996,"timestamp":"2025-10-24T08:06:35.947Z","memory":{"rss":41328640,"heapTotal":65748992,"heapUsed":60354384,"external":7769896,"arrayBuffers":4727474},"uptime":91091.069630708}}
{"timestamp":"2025-10-24T08:06:40.960Z","eventType":"HTTP_ERROR","pid":26996,"data":{"method":"GET","path":"/api/v1/logs/operations","statusCode":401,"duration":1,"userAgent":"curl/8.7.1","ip":"::1","timestamp":"2025-10-24T08:06:40.960Z"}}
{"timestamp":"2025-10-24T08:07:06.410Z","eventType":"PROCESS_STATUS","pid":32028,"data":{"pid":32028,"uptime":90486.265903458,"memory":{"rss":24023040,"heapTotal":55283712,"heapUsed":52790576,"external":7696419,"arrayBuffers":4664415},"cpuUsage":{"user":3259492,"system":622237},"timestamp":"2025-10-24T08:07:06.409Z"}}
{"timestamp":"2025-10-24T08:09:43.522Z","eventType":"PROCESS_STATUS","pid":26996,"data":{"pid":26996,"uptime":91278.644704916,"memory":{"rss":42061824,"heapTotal":65748992,"heapUsed":60446880,"external":7769896,"arrayBuffers":4727474},"cpuUsage":{"user":4964009,"system":1010157},"timestamp":"2025-10-24T08:09:43.522Z"}}
{"timestamp":"2025-10-24T08:12:00.055Z","eventType":"SIGNAL_RECEIVED","pid":26996,"data":{"signal":"SIGTERM","pid":26996,"timestamp":"2025-10-24T08:12:00.055Z","memory":{"rss":41459712,"heapTotal":65748992,"heapUsed":60458288,"external":7769896,"arrayBuffers":4727474},"uptime":91415.177984916}}
{"timestamp":"2025-10-24T08:12:00.055Z","eventType":"SIGNAL_RECEIVED","pid":32028,"data":{"signal":"SIGTERM","pid":32028,"timestamp":"2025-10-24T08:12:00.055Z","memory":{"rss":24100864,"heapTotal":55283712,"heapUsed":52802912,"external":7696419,"arrayBuffers":4664415},"uptime":90779.912539999}}
{"timestamp":"2025-10-24T08:12:06.410Z","eventType":"PROCESS_STATUS","pid":32028,"data":{"pid":32028,"uptime":90786.267029791,"memory":{"rss":24141824,"heapTotal":55283712,"heapUsed":52818936,"external":7696419,"arrayBuffers":4664415},"cpuUsage":{"user":3262180,"system":623496},"timestamp":"2025-10-24T08:12:06.410Z"}}
{"timestamp":"2025-10-24T08:14:23.928Z","eventType":"HTTP_ERROR","pid":26996,"data":{"method":"GET","path":"/api/v1/logs/operations","statusCode":401,"duration":2,"userAgent":"curl/8.7.1","ip":"::1","timestamp":"2025-10-24T08:14:23.927Z"}}
{"timestamp":"2025-10-24T08:14:25.270Z","eventType":"HTTP_ERROR","pid":26996,"data":{"method":"GET","path":"/api/v1/logs/operations","statusCode":401,"duration":1,"userAgent":"curl/8.7.1","ip":"::1","timestamp":"2025-10-24T08:14:25.270Z"}}
{"timestamp":"2025-10-24T08:14:43.522Z","eventType":"PROCESS_STATUS","pid":26996,"data":{"pid":26996,"uptime":91578.645443499,"memory":{"rss":43851776,"heapTotal":65748992,"heapUsed":60680200,"external":7769896,"arrayBuffers":4727474},"cpuUsage":{"user":4979089,"system":1014527},"timestamp":"2025-10-24T08:14:43.522Z"}}
{"timestamp":"2025-10-24T08:15:58.015Z","eventType":"HTTP_ERROR","pid":26996,"data":{"method":"GET","path":"/api/v1/logs/operations","statusCode":401,"duration":0,"userAgent":"curl/8.7.1","ip":"::1","timestamp":"2025-10-24T08:15:58.015Z"}}
{"timestamp":"2025-10-24T08:16:00.012Z","eventType":"HTTP_ERROR","pid":26996,"data":{"method":"GET","path":"/api/v1/logs/operations","statusCode":401,"duration":1,"userAgent":"curl/8.7.1","ip":"::1","timestamp":"2025-10-24T08:16:00.012Z"}}
{"timestamp":"2025-10-24T08:16:07.465Z","eventType":"HTTP_ERROR","pid":26996,"data":{"method":"GET","path":"/","statusCode":404,"duration":20,"userAgent":"curl/8.7.1","ip":"::1","timestamp":"2025-10-24T08:16:07.464Z"}}
{"timestamp":"2025-10-24T08:17:06.413Z","eventType":"PROCESS_STATUS","pid":32028,"data":{"pid":32028,"uptime":91086.268820541,"memory":{"rss":24100864,"heapTotal":55283712,"heapUsed":52831048,"external":7696419,"arrayBuffers":4664415},"cpuUsage":{"user":3263874,"system":624436},"timestamp":"2025-10-24T08:17:06.413Z"}}
